<?xml version="1.0" encoding="UTF-8"?>
<testng-results ignored="0" total="2" passed="2" failed="0" skipped="0">
  <reporter-output>
  </reporter-output>
  <suite started-at="2024-07-16T23:18:21 IST" name="E-commerce_Selenium_TestNG-Simplilearn" finished-at="2024-07-16T23:18:40 IST" duration-ms="18735">
    <groups>
    </groups>
    <test started-at="2024-07-16T23:18:21 IST" name="E_commerceTesting" finished-at="2024-07-16T23:18:40 IST" duration-ms="18735">
      <class name="Tests.E_commerceTesting">
        <test-method signature="T01_HomePageTest()[pri:0, instance:Tests.E_commerceTesting@65fb9ffc]" started-at="2024-07-16T23:18:21 IST" name="T01_HomePageTest" finished-at="2024-07-16T23:18:30 IST" duration-ms="8723" status="PASS">
          <reporter-output>
          </reporter-output>
        </test-method> <!-- T01_HomePageTest -->
        <test-method signature="T02_PlaceOrderTest()[pri:0, instance:Tests.E_commerceTesting@65fb9ffc]" started-at="2024-07-16T23:18:30 IST" name="T02_PlaceOrderTest" finished-at="2024-07-16T23:18:40 IST" duration-ms="9639" status="PASS">
          <reporter-output>
          </reporter-output>
        </test-method> <!-- T02_PlaceOrderTest -->
        <test-method is-config="true" signature="closeDriver()[pri:0, instance:Tests.E_commerceTesting@65fb9ffc]" started-at="2024-07-16T23:18:40 IST" name="closeDriver" finished-at="2024-07-16T23:18:40 IST" duration-ms="292" status="PASS">
          <reporter-output>
          </reporter-output>
        </test-method> <!-- closeDriver -->
      </class> <!-- Tests.E_commerceTesting -->
    </test> <!-- E_commerceTesting -->
  </suite> <!-- E-commerce_Selenium_TestNG-Simplilearn -->
</testng-results>
