<?xml version="1.0" encoding="UTF-8"?>
<testng-results ignored="0" total="2" passed="2" failed="0" skipped="0">
  <reporter-output>
  </reporter-output>
  <suite started-at="2024-07-13T22:36:04 IST" name="Default suite" finished-at="2024-07-13T22:36:26 IST" duration-ms="21259">
    <groups>
    </groups>
    <test started-at="2024-07-13T22:36:04 IST" name="Default test" finished-at="2024-07-13T22:36:26 IST" duration-ms="21259">
      <class name="Tests.E_commerceTesting">
        <test-method signature="T01_HomePageTest()[pri:0, instance:Tests.E_commerceTesting@3e694b3f]" started-at="2024-07-13T22:36:04 IST" name="T01_HomePageTest" finished-at="2024-07-13T22:36:13 IST" duration-ms="8323" status="PASS">
          <reporter-output>
          </reporter-output>
        </test-method> <!-- T01_HomePageTest -->
        <test-method signature="T02_PlaceOrderTest()[pri:0, instance:Tests.E_commerceTesting@3e694b3f]" started-at="2024-07-13T22:36:13 IST" name="T02_PlaceOrderTest" finished-at="2024-07-13T22:36:23 IST" duration-ms="10402" status="PASS">
          <reporter-output>
          </reporter-output>
        </test-method> <!-- T02_PlaceOrderTest -->
        <test-method is-config="true" signature="closeDriver()[pri:0, instance:Tests.E_commerceTesting@3e694b3f]" started-at="2024-07-13T22:36:23 IST" name="closeDriver" finished-at="2024-07-13T22:36:26 IST" duration-ms="2464" status="PASS">
          <reporter-output>
          </reporter-output>
        </test-method> <!-- closeDriver -->
      </class> <!-- Tests.E_commerceTesting -->
    </test> <!-- Default test -->
  </suite> <!-- Default suite -->
</testng-results>
